<?xml version="1.0" encoding="UTF-8"?>
<!-- Generated by org.testng.reporters.JUnitReportReporter -->
<testsuite hostname="Preetijaiswal-IT" failures="0" tests="1" name="practice1" time="3.232" errors="0" timestamp="2022-09-02T18:24:05 IST" skipped="0">
  <testcase classname="practice1" name="Test" time="3.232"/>
  <system-out/>
</testsuite> <!-- practice1 -->
