<?xml version="1.0" encoding="UTF-8"?>
<!-- Generated by org.testng.reporters.JUnitReportReporter -->
<testsuite hostname="Preetijaiswal-IT" failures="0" tests="1" name="filterVeggies" time="4.410" errors="0" timestamp="2022-09-04T08:48:58 IST" skipped="0">
  <testcase classname="filterVeggies" name="filter" time="4.410"/>
  <system-out/>
</testsuite> <!-- filterVeggies -->
