<?xml version="1.0" encoding="UTF-8"?>
<!-- Generated by org.testng.reporters.JUnitReportReporter -->
<testsuite hostname="Preetijaiswal-IT" failures="0" tests="2" name="Test.TestngDay3" time="0.013" errors="0" timestamp="2022-09-08T11:38:51 IST" skipped="0">
  <testcase classname="Test.TestngDay3" name="AEPSServices" time="0.003"/>
  <system-out/>
  <testcase classname="Test.TestngDay3" name="AEPS" time="0.010"/>
  <system-out/>
</testsuite> <!-- Test.TestngDay3 -->
