<?xml version="1.0" encoding="UTF-8"?>
<!-- Generated by org.testng.reporters.JUnitReportReporter -->
<testsuite hostname="Preetijaiswal-IT" failures="0" tests="3" name="Test.TesngDay2" time="0.016" errors="0" timestamp="2022-09-08T11:38:51 IST" skipped="0">
  <testcase classname="Test.TesngDay2" name="Yremit" time="0.001"/>
  <system-out/>
  <testcase classname="Test.TesngDay2" name="AREMITDMT" time="0.010"/>
  <system-out/>
  <testcase classname="Test.TesngDay2" name="Yremit" time="0.005"/>
  <system-out/>
</testsuite> <!-- Test.TesngDay2 -->
