<?xml version="1.0" encoding="UTF-8"?>
<!-- Generated by org.testng.reporters.JUnitReportReporter -->
<testsuite hostname="Preetijaiswal-IT" failures="0" tests="1" name="testngProgram" time="0.003" errors="0" timestamp="2022-07-27T11:05:21 IST" skipped="0">
  <testcase classname="testngProgram" name="Test" time="0.003"/>
  <system-out/>
</testsuite> <!-- testngProgram -->
