<?xml version="1.0" encoding="UTF-8"?>
<!-- Generated by org.testng.reporters.JUnitReportReporter -->
<testsuite hostname="Preetijaiswal-IT" failures="0" tests="1" name="Test.TesngDay1" time="0.010" errors="0" timestamp="2022-09-08T11:38:51 IST" skipped="0">
  <testcase classname="Test.TesngDay1" name="BBPS" time="0.010"/>
  <system-out/>
</testsuite> <!-- Test.TesngDay1 -->
