<?xml version="1.0" encoding="UTF-8"?>
<!-- Generated by org.testng.reporters.JUnitReportReporter -->
<testsuite hostname="Preetijaiswal-IT" failures="0" tests="1" name="streamConcept" time="0.008" errors="0" timestamp="2022-09-02T15:48:40 IST" skipped="0">
  <testcase classname="streamConcept" name="e" time="0.008"/>
  <system-out/>
</testsuite> <!-- streamConcept -->
